<?xml version="1.0" encoding="UTF-8"?>
<testsuite xmlns:xsi="http://www.w3.org/2001/XMLSchema-instance" xsi:noNamespaceSchemaLocation="https://maven.apache.org/surefire/maven-surefire-plugin/xsd/surefire-test-report.xsd" version="3.0.2" name="com.patient_journal_rest_api.PatientJournalRestApiApplicationTests" time="3.532" tests="1" errors="0" skipped="0" failures="0">
  <properties>
    <property name="java.specification.version" value="17"/>
    <property name="sun.jnu.encoding" value="UTF-8"/>
    <property name="java.class.path" value="/Users/anthonynguyen/Documents/GitHub/patientjournal-rest-api/target/test-classes:/Users/anthonynguyen/Documents/GitHub/patientjournal-rest-api/target/classes:/Users/anthonynguyen/.m2/repository/org/springframework/boot/spring-boot-starter-data-jpa/3.4.3/spring-boot-starter-data-jpa-3.4.3.jar:/Users/anthonynguyen/.m2/repository/org/springframework/boot/spring-boot-starter/3.4.3/spring-boot-starter-3.4.3.jar:/Users/anthonynguyen/.m2/repository/org/springframework/boot/spring-boot/3.4.3/spring-boot-3.4.3.jar:/Users/anthonynguyen/.m2/repository/org/springframework/boot/spring-boot-autoconfigure/3.4.3/spring-boot-autoconfigure-3.4.3.jar:/Users/anthonynguyen/.m2/repository/org/springframework/boot/spring-boot-starter-logging/3.4.3/spring-boot-starter-logging-3.4.3.jar:/Users/anthonynguyen/.m2/repository/ch/qos/logback/logback-classic/1.5.16/logback-classic-1.5.16.jar:/Users/anthonynguyen/.m2/repository/ch/qos/logback/logback-core/1.5.16/logback-core-1.5.16.jar:/Users/anthonynguyen/.m2/repository/org/apache/logging/log4j/log4j-to-slf4j/2.24.3/log4j-to-slf4j-2.24.3.jar:/Users/anthonynguyen/.m2/repository/org/apache/logging/log4j/log4j-api/2.24.3/log4j-api-2.24.3.jar:/Users/anthonynguyen/.m2/repository/org/slf4j/jul-to-slf4j/2.0.16/jul-to-slf4j-2.0.16.jar:/Users/anthonynguyen/.m2/repository/jakarta/annotation/jakarta.annotation-api/2.1.1/jakarta.annotation-api-2.1.1.jar:/Users/anthonynguyen/.m2/repository/org/yaml/snakeyaml/2.3/snakeyaml-2.3.jar:/Users/anthonynguyen/.m2/repository/org/springframework/boot/spring-boot-starter-jdbc/3.4.3/spring-boot-starter-jdbc-3.4.3.jar:/Users/anthonynguyen/.m2/repository/com/zaxxer/HikariCP/5.1.0/HikariCP-5.1.0.jar:/Users/anthonynguyen/.m2/repository/org/springframework/spring-jdbc/6.2.3/spring-jdbc-6.2.3.jar:/Users/anthonynguyen/.m2/repository/org/hibernate/orm/hibernate-core/6.6.8.Final/hibernate-core-6.6.8.Final.jar:/Users/anthonynguyen/.m2/repository/jakarta/persistence/jakarta.persistence-api/3.1.0/jakarta.persistence-api-3.1.0.jar:/Users/anthonynguyen/.m2/repository/jakarta/transaction/jakarta.transaction-api/2.0.1/jakarta.transaction-api-2.0.1.jar:/Users/anthonynguyen/.m2/repository/org/jboss/logging/jboss-logging/3.6.1.Final/jboss-logging-3.6.1.Final.jar:/Users/anthonynguyen/.m2/repository/org/hibernate/common/hibernate-commons-annotations/7.0.3.Final/hibernate-commons-annotations-7.0.3.Final.jar:/Users/anthonynguyen/.m2/repository/io/smallrye/jandex/3.2.0/jandex-3.2.0.jar:/Users/anthonynguyen/.m2/repository/com/fasterxml/classmate/1.7.0/classmate-1.7.0.jar:/Users/anthonynguyen/.m2/repository/net/bytebuddy/byte-buddy/1.15.11/byte-buddy-1.15.11.jar:/Users/anthonynguyen/.m2/repository/org/glassfish/jaxb/jaxb-runtime/4.0.5/jaxb-runtime-4.0.5.jar:/Users/anthonynguyen/.m2/repository/org/glassfish/jaxb/jaxb-core/4.0.5/jaxb-core-4.0.5.jar:/Users/anthonynguyen/.m2/repository/org/eclipse/angus/angus-activation/2.0.2/angus-activation-2.0.2.jar:/Users/anthonynguyen/.m2/repository/org/glassfish/jaxb/txw2/4.0.5/txw2-4.0.5.jar:/Users/anthonynguyen/.m2/repository/com/sun/istack/istack-commons-runtime/4.1.2/istack-commons-runtime-4.1.2.jar:/Users/anthonynguyen/.m2/repository/jakarta/inject/jakarta.inject-api/2.0.1/jakarta.inject-api-2.0.1.jar:/Users/anthonynguyen/.m2/repository/org/antlr/antlr4-runtime/4.13.0/antlr4-runtime-4.13.0.jar:/Users/anthonynguyen/.m2/repository/org/springframework/data/spring-data-jpa/3.4.3/spring-data-jpa-3.4.3.jar:/Users/anthonynguyen/.m2/repository/org/springframework/data/spring-data-commons/3.4.3/spring-data-commons-3.4.3.jar:/Users/anthonynguyen/.m2/repository/org/springframework/spring-orm/6.2.3/spring-orm-6.2.3.jar:/Users/anthonynguyen/.m2/repository/org/springframework/spring-context/6.2.3/spring-context-6.2.3.jar:/Users/anthonynguyen/.m2/repository/org/springframework/spring-aop/6.2.3/spring-aop-6.2.3.jar:/Users/anthonynguyen/.m2/repository/org/springframework/spring-tx/6.2.3/spring-tx-6.2.3.jar:/Users/anthonynguyen/.m2/repository/org/springframework/spring-beans/6.2.3/spring-beans-6.2.3.jar:/Users/anthonynguyen/.m2/repository/org/springframework/spring-aspects/6.2.3/spring-aspects-6.2.3.jar:/Users/anthonynguyen/.m2/repository/org/aspectj/aspectjweaver/1.9.22.1/aspectjweaver-1.9.22.1.jar:/Users/anthonynguyen/.m2/repository/org/springframework/boot/spring-boot-starter-web/3.4.3/spring-boot-starter-web-3.4.3.jar:/Users/anthonynguyen/.m2/repository/org/springframework/boot/spring-boot-starter-json/3.4.3/spring-boot-starter-json-3.4.3.jar:/Users/anthonynguyen/.m2/repository/com/fasterxml/jackson/core/jackson-databind/2.18.2/jackson-databind-2.18.2.jar:/Users/anthonynguyen/.m2/repository/com/fasterxml/jackson/core/jackson-annotations/2.18.2/jackson-annotations-2.18.2.jar:/Users/anthonynguyen/.m2/repository/com/fasterxml/jackson/core/jackson-core/2.18.2/jackson-core-2.18.2.jar:/Users/anthonynguyen/.m2/repository/com/fasterxml/jackson/datatype/jackson-datatype-jdk8/2.18.2/jackson-datatype-jdk8-2.18.2.jar:/Users/anthonynguyen/.m2/repository/com/fasterxml/jackson/datatype/jackson-datatype-jsr310/2.18.2/jackson-datatype-jsr310-2.18.2.jar:/Users/anthonynguyen/.m2/repository/com/fasterxml/jackson/module/jackson-module-parameter-names/2.18.2/jackson-module-parameter-names-2.18.2.jar:/Users/anthonynguyen/.m2/repository/org/springframework/boot/spring-boot-starter-tomcat/3.4.3/spring-boot-starter-tomcat-3.4.3.jar:/Users/anthonynguyen/.m2/repository/org/apache/tomcat/embed/tomcat-embed-core/10.1.36/tomcat-embed-core-10.1.36.jar:/Users/anthonynguyen/.m2/repository/org/apache/tomcat/embed/tomcat-embed-el/10.1.36/tomcat-embed-el-10.1.36.jar:/Users/anthonynguyen/.m2/repository/org/apache/tomcat/embed/tomcat-embed-websocket/10.1.36/tomcat-embed-websocket-10.1.36.jar:/Users/anthonynguyen/.m2/repository/org/springframework/spring-web/6.2.3/spring-web-6.2.3.jar:/Users/anthonynguyen/.m2/repository/io/micrometer/micrometer-observation/1.14.4/micrometer-observation-1.14.4.jar:/Users/anthonynguyen/.m2/repository/io/micrometer/micrometer-commons/1.14.4/micrometer-commons-1.14.4.jar:/Users/anthonynguyen/.m2/repository/org/springframework/spring-webmvc/6.2.3/spring-webmvc-6.2.3.jar:/Users/anthonynguyen/.m2/repository/org/springframework/spring-expression/6.2.3/spring-expression-6.2.3.jar:/Users/anthonynguyen/.m2/repository/org/postgresql/postgresql/42.7.5/postgresql-42.7.5.jar:/Users/anthonynguyen/.m2/repository/org/checkerframework/checker-qual/3.48.3/checker-qual-3.48.3.jar:/Users/anthonynguyen/.m2/repository/org/projectlombok/lombok/1.18.36/lombok-1.18.36.jar:/Users/anthonynguyen/.m2/repository/io/hypersistence/hypersistence-utils-hibernate-60/3.7.0/hypersistence-utils-hibernate-60-3.7.0.jar:/Users/anthonynguyen/.m2/repository/javax/xml/bind/jaxb-api/2.3.0/jaxb-api-2.3.0.jar:/Users/anthonynguyen/.m2/repository/jakarta/xml/bind/jakarta.xml.bind-api/4.0.2/jakarta.xml.bind-api-4.0.2.jar:/Users/anthonynguyen/.m2/repository/jakarta/activation/jakarta.activation-api/2.1.3/jakarta.activation-api-2.1.3.jar:/Users/anthonynguyen/.m2/repository/io/hypersistence/hypersistence-tsid/2.1.1/hypersistence-tsid-2.1.1.jar:/Users/anthonynguyen/.m2/repository/org/springframework/boot/spring-boot-starter-test/3.4.3/spring-boot-starter-test-3.4.3.jar:/Users/anthonynguyen/.m2/repository/org/springframework/boot/spring-boot-test/3.4.3/spring-boot-test-3.4.3.jar:/Users/anthonynguyen/.m2/repository/org/springframework/boot/spring-boot-test-autoconfigure/3.4.3/spring-boot-test-autoconfigure-3.4.3.jar:/Users/anthonynguyen/.m2/repository/com/jayway/jsonpath/json-path/2.9.0/json-path-2.9.0.jar:/Users/anthonynguyen/.m2/repository/net/minidev/json-smart/2.5.2/json-smart-2.5.2.jar:/Users/anthonynguyen/.m2/repository/net/minidev/accessors-smart/2.5.2/accessors-smart-2.5.2.jar:/Users/anthonynguyen/.m2/repository/org/ow2/asm/asm/9.7.1/asm-9.7.1.jar:/Users/anthonynguyen/.m2/repository/org/assertj/assertj-core/3.26.3/assertj-core-3.26.3.jar:/Users/anthonynguyen/.m2/repository/org/awaitility/awaitility/4.2.2/awaitility-4.2.2.jar:/Users/anthonynguyen/.m2/repository/org/hamcrest/hamcrest/2.2/hamcrest-2.2.jar:/Users/anthonynguyen/.m2/repository/org/junit/jupiter/junit-jupiter/5.11.4/junit-jupiter-5.11.4.jar:/Users/anthonynguyen/.m2/repository/org/junit/jupiter/junit-jupiter-api/5.11.4/junit-jupiter-api-5.11.4.jar:/Users/anthonynguyen/.m2/repository/org/opentest4j/opentest4j/1.3.0/opentest4j-1.3.0.jar:/Users/anthonynguyen/.m2/repository/org/junit/platform/junit-platform-commons/1.11.4/junit-platform-commons-1.11.4.jar:/Users/anthonynguyen/.m2/repository/org/apiguardian/apiguardian-api/1.1.2/apiguardian-api-1.1.2.jar:/Users/anthonynguyen/.m2/repository/org/junit/jupiter/junit-jupiter-params/5.11.4/junit-jupiter-params-5.11.4.jar:/Users/anthonynguyen/.m2/repository/org/junit/jupiter/junit-jupiter-engine/5.11.4/junit-jupiter-engine-5.11.4.jar:/Users/anthonynguyen/.m2/repository/org/junit/platform/junit-platform-engine/1.11.4/junit-platform-engine-1.11.4.jar:/Users/anthonynguyen/.m2/repository/org/mockito/mockito-core/5.14.2/mockito-core-5.14.2.jar:/Users/anthonynguyen/.m2/repository/net/bytebuddy/byte-buddy-agent/1.15.11/byte-buddy-agent-1.15.11.jar:/Users/anthonynguyen/.m2/repository/org/objenesis/objenesis/3.3/objenesis-3.3.jar:/Users/anthonynguyen/.m2/repository/org/mockito/mockito-junit-jupiter/5.14.2/mockito-junit-jupiter-5.14.2.jar:/Users/anthonynguyen/.m2/repository/org/skyscreamer/jsonassert/1.5.3/jsonassert-1.5.3.jar:/Users/anthonynguyen/.m2/repository/com/vaadin/external/google/android-json/0.0.20131108.vaadin1/android-json-0.0.20131108.vaadin1.jar:/Users/anthonynguyen/.m2/repository/org/springframework/spring-core/6.2.3/spring-core-6.2.3.jar:/Users/anthonynguyen/.m2/repository/org/springframework/spring-jcl/6.2.3/spring-jcl-6.2.3.jar:/Users/anthonynguyen/.m2/repository/org/springframework/spring-test/6.2.3/spring-test-6.2.3.jar:/Users/anthonynguyen/.m2/repository/org/xmlunit/xmlunit-core/2.10.0/xmlunit-core-2.10.0.jar:/Users/anthonynguyen/.m2/repository/ca/uhn/hapi/fhir/hapi-fhir-structures-r4/6.8.0/hapi-fhir-structures-r4-6.8.0.jar:/Users/anthonynguyen/.m2/repository/ca/uhn/hapi/fhir/hapi-fhir-base/6.8.0/hapi-fhir-base-6.8.0.jar:/Users/anthonynguyen/.m2/repository/org/apache/commons/commons-lang3/3.17.0/commons-lang3-3.17.0.jar:/Users/anthonynguyen/.m2/repository/org/apache/commons/commons-text/1.10.0/commons-text-1.10.0.jar:/Users/anthonynguyen/.m2/repository/commons-codec/commons-codec/1.17.2/commons-codec-1.17.2.jar:/Users/anthonynguyen/.m2/repository/commons-io/commons-io/2.11.0/commons-io-2.11.0.jar:/Users/anthonynguyen/.m2/repository/com/google/guava/guava/32.1.1-jre/guava-32.1.1-jre.jar:/Users/anthonynguyen/.m2/repository/com/google/guava/failureaccess/1.0.1/failureaccess-1.0.1.jar:/Users/anthonynguyen/.m2/repository/com/google/guava/listenablefuture/9999.0-empty-to-avoid-conflict-with-guava/listenablefuture-9999.0-empty-to-avoid-conflict-with-guava.jar:/Users/anthonynguyen/.m2/repository/com/google/errorprone/error_prone_annotations/2.18.0/error_prone_annotations-2.18.0.jar:/Users/anthonynguyen/.m2/repository/com/google/j2objc/j2objc-annotations/2.8/j2objc-annotations-2.8.jar:/Users/anthonynguyen/.m2/repository/org/slf4j/jcl-over-slf4j/2.0.16/jcl-over-slf4j-2.0.16.jar:/Users/anthonynguyen/.m2/repository/ca/uhn/hapi/fhir/org.hl7.fhir.utilities/6.0.22/org.hl7.fhir.utilities-6.0.22.jar:/Users/anthonynguyen/.m2/repository/com/ibm/icu/icu4j/72.1/icu4j-72.1.jar:/Users/anthonynguyen/.m2/repository/ca/uhn/hapi/fhir/org.hl7.fhir.r4/6.0.22/org.hl7.fhir.r4-6.0.22.jar:/Users/anthonynguyen/.m2/repository/ca/uhn/hapi/fhir/hapi-fhir-caching-api/6.8.0/hapi-fhir-caching-api-6.8.0.jar:/Users/anthonynguyen/.m2/repository/com/google/code/findbugs/jsr305/3.0.2/jsr305-3.0.2.jar:/Users/anthonynguyen/.m2/repository/ca/uhn/hapi/fhir/hapi-fhir-spring-boot-starter/6.8.0/hapi-fhir-spring-boot-starter-6.8.0.jar:/Users/anthonynguyen/.m2/repository/ca/uhn/hapi/fhir/hapi-fhir-spring-boot-autoconfigure/6.8.0/hapi-fhir-spring-boot-autoconfigure-6.8.0.jar:/Users/anthonynguyen/.m2/repository/ca/uhn/hapi/fhir/hapi-fhir-structures-dstu2/6.8.0/hapi-fhir-structures-dstu2-6.8.0.jar:/Users/anthonynguyen/.m2/repository/com/amazonaws/serverless/aws-serverless-java-container-springboot3/2.0.1/aws-serverless-java-container-springboot3-2.0.1.jar:/Users/anthonynguyen/.m2/repository/org/springframework/cloud/spring-cloud-function-serverless-web/4.1.1/spring-cloud-function-serverless-web-4.1.1.jar:/Users/anthonynguyen/.m2/repository/com/amazonaws/serverless/aws-serverless-java-container-core/2.0.1/aws-serverless-java-container-core-2.0.1.jar:/Users/anthonynguyen/.m2/repository/com/amazonaws/aws-lambda-java-core/1.2.3/aws-lambda-java-core-1.2.3.jar:/Users/anthonynguyen/.m2/repository/jakarta/servlet/jakarta.servlet-api/6.0.0/jakarta.servlet-api-6.0.0.jar:/Users/anthonynguyen/.m2/repository/jakarta/ws/rs/jakarta.ws.rs-api/3.1.0/jakarta.ws.rs-api-3.1.0.jar:/Users/anthonynguyen/.m2/repository/com/fasterxml/jackson/module/jackson-module-afterburner/2.18.2/jackson-module-afterburner-2.18.2.jar:/Users/anthonynguyen/.m2/repository/org/apache/commons/commons-fileupload2-jakarta-servlet6/2.0.0-M2/commons-fileupload2-jakarta-servlet6-2.0.0-M2.jar:/Users/anthonynguyen/.m2/repository/org/apache/commons/commons-fileupload2-core/2.0.0-M2/commons-fileupload2-core-2.0.0-M2.jar:/Users/anthonynguyen/.m2/repository/org/slf4j/slf4j-api/2.0.16/slf4j-api-2.0.16.jar:"/>
    <property name="java.vm.vendor" value="Azul Systems, Inc."/>
    <property name="sun.arch.data.model" value="64"/>
    <property name="java.vendor.url" value="http://www.azul.com/"/>
    <property name="user.timezone" value="America/Los_Angeles"/>
    <property name="org.jboss.logging.provider" value="slf4j"/>
    <property name="os.name" value="Mac OS X"/>
    <property name="java.vm.specification.version" value="17"/>
    <property name="APPLICATION_NAME" value="patient-journal-rest-api"/>
    <property name="sun.java.launcher" value="SUN_STANDARD"/>
    <property name="user.country" value="US"/>
    <property name="sun.boot.library.path" value="/Library/Java/JavaVirtualMachines/zulu-17.jdk/Contents/Home/lib"/>
    <property name="sun.java.command" value="/Users/anthonynguyen/Documents/GitHub/patientjournal-rest-api/target/surefire/surefirebooter-20250408070850807_3.jar /Users/anthonynguyen/Documents/GitHub/patientjournal-rest-api/target/surefire 2025-04-08T07-08-50_765-jvmRun1 surefire-20250408070850807_1tmp surefire_0-20250408070850807_2tmp"/>
    <property name="http.nonProxyHosts" value="local|*.local|169.254/16|*.169.254/16"/>
    <property name="jdk.debug" value="release"/>
    <property name="surefire.test.class.path" value="/Users/anthonynguyen/Documents/GitHub/patientjournal-rest-api/target/test-classes:/Users/anthonynguyen/Documents/GitHub/patientjournal-rest-api/target/classes:/Users/anthonynguyen/.m2/repository/org/springframework/boot/spring-boot-starter-data-jpa/3.4.3/spring-boot-starter-data-jpa-3.4.3.jar:/Users/anthonynguyen/.m2/repository/org/springframework/boot/spring-boot-starter/3.4.3/spring-boot-starter-3.4.3.jar:/Users/anthonynguyen/.m2/repository/org/springframework/boot/spring-boot/3.4.3/spring-boot-3.4.3.jar:/Users/anthonynguyen/.m2/repository/org/springframework/boot/spring-boot-autoconfigure/3.4.3/spring-boot-autoconfigure-3.4.3.jar:/Users/anthonynguyen/.m2/repository/org/springframework/boot/spring-boot-starter-logging/3.4.3/spring-boot-starter-logging-3.4.3.jar:/Users/anthonynguyen/.m2/repository/ch/qos/logback/logback-classic/1.5.16/logback-classic-1.5.16.jar:/Users/anthonynguyen/.m2/repository/ch/qos/logback/logback-core/1.5.16/logback-core-1.5.16.jar:/Users/anthonynguyen/.m2/repository/org/apache/logging/log4j/log4j-to-slf4j/2.24.3/log4j-to-slf4j-2.24.3.jar:/Users/anthonynguyen/.m2/repository/org/apache/logging/log4j/log4j-api/2.24.3/log4j-api-2.24.3.jar:/Users/anthonynguyen/.m2/repository/org/slf4j/jul-to-slf4j/2.0.16/jul-to-slf4j-2.0.16.jar:/Users/anthonynguyen/.m2/repository/jakarta/annotation/jakarta.annotation-api/2.1.1/jakarta.annotation-api-2.1.1.jar:/Users/anthonynguyen/.m2/repository/org/yaml/snakeyaml/2.3/snakeyaml-2.3.jar:/Users/anthonynguyen/.m2/repository/org/springframework/boot/spring-boot-starter-jdbc/3.4.3/spring-boot-starter-jdbc-3.4.3.jar:/Users/anthonynguyen/.m2/repository/com/zaxxer/HikariCP/5.1.0/HikariCP-5.1.0.jar:/Users/anthonynguyen/.m2/repository/org/springframework/spring-jdbc/6.2.3/spring-jdbc-6.2.3.jar:/Users/anthonynguyen/.m2/repository/org/hibernate/orm/hibernate-core/6.6.8.Final/hibernate-core-6.6.8.Final.jar:/Users/anthonynguyen/.m2/repository/jakarta/persistence/jakarta.persistence-api/3.1.0/jakarta.persistence-api-3.1.0.jar:/Users/anthonynguyen/.m2/repository/jakarta/transaction/jakarta.transaction-api/2.0.1/jakarta.transaction-api-2.0.1.jar:/Users/anthonynguyen/.m2/repository/org/jboss/logging/jboss-logging/3.6.1.Final/jboss-logging-3.6.1.Final.jar:/Users/anthonynguyen/.m2/repository/org/hibernate/common/hibernate-commons-annotations/7.0.3.Final/hibernate-commons-annotations-7.0.3.Final.jar:/Users/anthonynguyen/.m2/repository/io/smallrye/jandex/3.2.0/jandex-3.2.0.jar:/Users/anthonynguyen/.m2/repository/com/fasterxml/classmate/1.7.0/classmate-1.7.0.jar:/Users/anthonynguyen/.m2/repository/net/bytebuddy/byte-buddy/1.15.11/byte-buddy-1.15.11.jar:/Users/anthonynguyen/.m2/repository/org/glassfish/jaxb/jaxb-runtime/4.0.5/jaxb-runtime-4.0.5.jar:/Users/anthonynguyen/.m2/repository/org/glassfish/jaxb/jaxb-core/4.0.5/jaxb-core-4.0.5.jar:/Users/anthonynguyen/.m2/repository/org/eclipse/angus/angus-activation/2.0.2/angus-activation-2.0.2.jar:/Users/anthonynguyen/.m2/repository/org/glassfish/jaxb/txw2/4.0.5/txw2-4.0.5.jar:/Users/anthonynguyen/.m2/repository/com/sun/istack/istack-commons-runtime/4.1.2/istack-commons-runtime-4.1.2.jar:/Users/anthonynguyen/.m2/repository/jakarta/inject/jakarta.inject-api/2.0.1/jakarta.inject-api-2.0.1.jar:/Users/anthonynguyen/.m2/repository/org/antlr/antlr4-runtime/4.13.0/antlr4-runtime-4.13.0.jar:/Users/anthonynguyen/.m2/repository/org/springframework/data/spring-data-jpa/3.4.3/spring-data-jpa-3.4.3.jar:/Users/anthonynguyen/.m2/repository/org/springframework/data/spring-data-commons/3.4.3/spring-data-commons-3.4.3.jar:/Users/anthonynguyen/.m2/repository/org/springframework/spring-orm/6.2.3/spring-orm-6.2.3.jar:/Users/anthonynguyen/.m2/repository/org/springframework/spring-context/6.2.3/spring-context-6.2.3.jar:/Users/anthonynguyen/.m2/repository/org/springframework/spring-aop/6.2.3/spring-aop-6.2.3.jar:/Users/anthonynguyen/.m2/repository/org/springframework/spring-tx/6.2.3/spring-tx-6.2.3.jar:/Users/anthonynguyen/.m2/repository/org/springframework/spring-beans/6.2.3/spring-beans-6.2.3.jar:/Users/anthonynguyen/.m2/repository/org/springframework/spring-aspects/6.2.3/spring-aspects-6.2.3.jar:/Users/anthonynguyen/.m2/repository/org/aspectj/aspectjweaver/1.9.22.1/aspectjweaver-1.9.22.1.jar:/Users/anthonynguyen/.m2/repository/org/springframework/boot/spring-boot-starter-web/3.4.3/spring-boot-starter-web-3.4.3.jar:/Users/anthonynguyen/.m2/repository/org/springframework/boot/spring-boot-starter-json/3.4.3/spring-boot-starter-json-3.4.3.jar:/Users/anthonynguyen/.m2/repository/com/fasterxml/jackson/core/jackson-databind/2.18.2/jackson-databind-2.18.2.jar:/Users/anthonynguyen/.m2/repository/com/fasterxml/jackson/core/jackson-annotations/2.18.2/jackson-annotations-2.18.2.jar:/Users/anthonynguyen/.m2/repository/com/fasterxml/jackson/core/jackson-core/2.18.2/jackson-core-2.18.2.jar:/Users/anthonynguyen/.m2/repository/com/fasterxml/jackson/datatype/jackson-datatype-jdk8/2.18.2/jackson-datatype-jdk8-2.18.2.jar:/Users/anthonynguyen/.m2/repository/com/fasterxml/jackson/datatype/jackson-datatype-jsr310/2.18.2/jackson-datatype-jsr310-2.18.2.jar:/Users/anthonynguyen/.m2/repository/com/fasterxml/jackson/module/jackson-module-parameter-names/2.18.2/jackson-module-parameter-names-2.18.2.jar:/Users/anthonynguyen/.m2/repository/org/springframework/boot/spring-boot-starter-tomcat/3.4.3/spring-boot-starter-tomcat-3.4.3.jar:/Users/anthonynguyen/.m2/repository/org/apache/tomcat/embed/tomcat-embed-core/10.1.36/tomcat-embed-core-10.1.36.jar:/Users/anthonynguyen/.m2/repository/org/apache/tomcat/embed/tomcat-embed-el/10.1.36/tomcat-embed-el-10.1.36.jar:/Users/anthonynguyen/.m2/repository/org/apache/tomcat/embed/tomcat-embed-websocket/10.1.36/tomcat-embed-websocket-10.1.36.jar:/Users/anthonynguyen/.m2/repository/org/springframework/spring-web/6.2.3/spring-web-6.2.3.jar:/Users/anthonynguyen/.m2/repository/io/micrometer/micrometer-observation/1.14.4/micrometer-observation-1.14.4.jar:/Users/anthonynguyen/.m2/repository/io/micrometer/micrometer-commons/1.14.4/micrometer-commons-1.14.4.jar:/Users/anthonynguyen/.m2/repository/org/springframework/spring-webmvc/6.2.3/spring-webmvc-6.2.3.jar:/Users/anthonynguyen/.m2/repository/org/springframework/spring-expression/6.2.3/spring-expression-6.2.3.jar:/Users/anthonynguyen/.m2/repository/org/postgresql/postgresql/42.7.5/postgresql-42.7.5.jar:/Users/anthonynguyen/.m2/repository/org/checkerframework/checker-qual/3.48.3/checker-qual-3.48.3.jar:/Users/anthonynguyen/.m2/repository/org/projectlombok/lombok/1.18.36/lombok-1.18.36.jar:/Users/anthonynguyen/.m2/repository/io/hypersistence/hypersistence-utils-hibernate-60/3.7.0/hypersistence-utils-hibernate-60-3.7.0.jar:/Users/anthonynguyen/.m2/repository/javax/xml/bind/jaxb-api/2.3.0/jaxb-api-2.3.0.jar:/Users/anthonynguyen/.m2/repository/jakarta/xml/bind/jakarta.xml.bind-api/4.0.2/jakarta.xml.bind-api-4.0.2.jar:/Users/anthonynguyen/.m2/repository/jakarta/activation/jakarta.activation-api/2.1.3/jakarta.activation-api-2.1.3.jar:/Users/anthonynguyen/.m2/repository/io/hypersistence/hypersistence-tsid/2.1.1/hypersistence-tsid-2.1.1.jar:/Users/anthonynguyen/.m2/repository/org/springframework/boot/spring-boot-starter-test/3.4.3/spring-boot-starter-test-3.4.3.jar:/Users/anthonynguyen/.m2/repository/org/springframework/boot/spring-boot-test/3.4.3/spring-boot-test-3.4.3.jar:/Users/anthonynguyen/.m2/repository/org/springframework/boot/spring-boot-test-autoconfigure/3.4.3/spring-boot-test-autoconfigure-3.4.3.jar:/Users/anthonynguyen/.m2/repository/com/jayway/jsonpath/json-path/2.9.0/json-path-2.9.0.jar:/Users/anthonynguyen/.m2/repository/net/minidev/json-smart/2.5.2/json-smart-2.5.2.jar:/Users/anthonynguyen/.m2/repository/net/minidev/accessors-smart/2.5.2/accessors-smart-2.5.2.jar:/Users/anthonynguyen/.m2/repository/org/ow2/asm/asm/9.7.1/asm-9.7.1.jar:/Users/anthonynguyen/.m2/repository/org/assertj/assertj-core/3.26.3/assertj-core-3.26.3.jar:/Users/anthonynguyen/.m2/repository/org/awaitility/awaitility/4.2.2/awaitility-4.2.2.jar:/Users/anthonynguyen/.m2/repository/org/hamcrest/hamcrest/2.2/hamcrest-2.2.jar:/Users/anthonynguyen/.m2/repository/org/junit/jupiter/junit-jupiter/5.11.4/junit-jupiter-5.11.4.jar:/Users/anthonynguyen/.m2/repository/org/junit/jupiter/junit-jupiter-api/5.11.4/junit-jupiter-api-5.11.4.jar:/Users/anthonynguyen/.m2/repository/org/opentest4j/opentest4j/1.3.0/opentest4j-1.3.0.jar:/Users/anthonynguyen/.m2/repository/org/junit/platform/junit-platform-commons/1.11.4/junit-platform-commons-1.11.4.jar:/Users/anthonynguyen/.m2/repository/org/apiguardian/apiguardian-api/1.1.2/apiguardian-api-1.1.2.jar:/Users/anthonynguyen/.m2/repository/org/junit/jupiter/junit-jupiter-params/5.11.4/junit-jupiter-params-5.11.4.jar:/Users/anthonynguyen/.m2/repository/org/junit/jupiter/junit-jupiter-engine/5.11.4/junit-jupiter-engine-5.11.4.jar:/Users/anthonynguyen/.m2/repository/org/junit/platform/junit-platform-engine/1.11.4/junit-platform-engine-1.11.4.jar:/Users/anthonynguyen/.m2/repository/org/mockito/mockito-core/5.14.2/mockito-core-5.14.2.jar:/Users/anthonynguyen/.m2/repository/net/bytebuddy/byte-buddy-agent/1.15.11/byte-buddy-agent-1.15.11.jar:/Users/anthonynguyen/.m2/repository/org/objenesis/objenesis/3.3/objenesis-3.3.jar:/Users/anthonynguyen/.m2/repository/org/mockito/mockito-junit-jupiter/5.14.2/mockito-junit-jupiter-5.14.2.jar:/Users/anthonynguyen/.m2/repository/org/skyscreamer/jsonassert/1.5.3/jsonassert-1.5.3.jar:/Users/anthonynguyen/.m2/repository/com/vaadin/external/google/android-json/0.0.20131108.vaadin1/android-json-0.0.20131108.vaadin1.jar:/Users/anthonynguyen/.m2/repository/org/springframework/spring-core/6.2.3/spring-core-6.2.3.jar:/Users/anthonynguyen/.m2/repository/org/springframework/spring-jcl/6.2.3/spring-jcl-6.2.3.jar:/Users/anthonynguyen/.m2/repository/org/springframework/spring-test/6.2.3/spring-test-6.2.3.jar:/Users/anthonynguyen/.m2/repository/org/xmlunit/xmlunit-core/2.10.0/xmlunit-core-2.10.0.jar:/Users/anthonynguyen/.m2/repository/ca/uhn/hapi/fhir/hapi-fhir-structures-r4/6.8.0/hapi-fhir-structures-r4-6.8.0.jar:/Users/anthonynguyen/.m2/repository/ca/uhn/hapi/fhir/hapi-fhir-base/6.8.0/hapi-fhir-base-6.8.0.jar:/Users/anthonynguyen/.m2/repository/org/apache/commons/commons-lang3/3.17.0/commons-lang3-3.17.0.jar:/Users/anthonynguyen/.m2/repository/org/apache/commons/commons-text/1.10.0/commons-text-1.10.0.jar:/Users/anthonynguyen/.m2/repository/commons-codec/commons-codec/1.17.2/commons-codec-1.17.2.jar:/Users/anthonynguyen/.m2/repository/commons-io/commons-io/2.11.0/commons-io-2.11.0.jar:/Users/anthonynguyen/.m2/repository/com/google/guava/guava/32.1.1-jre/guava-32.1.1-jre.jar:/Users/anthonynguyen/.m2/repository/com/google/guava/failureaccess/1.0.1/failureaccess-1.0.1.jar:/Users/anthonynguyen/.m2/repository/com/google/guava/listenablefuture/9999.0-empty-to-avoid-conflict-with-guava/listenablefuture-9999.0-empty-to-avoid-conflict-with-guava.jar:/Users/anthonynguyen/.m2/repository/com/google/errorprone/error_prone_annotations/2.18.0/error_prone_annotations-2.18.0.jar:/Users/anthonynguyen/.m2/repository/com/google/j2objc/j2objc-annotations/2.8/j2objc-annotations-2.8.jar:/Users/anthonynguyen/.m2/repository/org/slf4j/jcl-over-slf4j/2.0.16/jcl-over-slf4j-2.0.16.jar:/Users/anthonynguyen/.m2/repository/ca/uhn/hapi/fhir/org.hl7.fhir.utilities/6.0.22/org.hl7.fhir.utilities-6.0.22.jar:/Users/anthonynguyen/.m2/repository/com/ibm/icu/icu4j/72.1/icu4j-72.1.jar:/Users/anthonynguyen/.m2/repository/ca/uhn/hapi/fhir/org.hl7.fhir.r4/6.0.22/org.hl7.fhir.r4-6.0.22.jar:/Users/anthonynguyen/.m2/repository/ca/uhn/hapi/fhir/hapi-fhir-caching-api/6.8.0/hapi-fhir-caching-api-6.8.0.jar:/Users/anthonynguyen/.m2/repository/com/google/code/findbugs/jsr305/3.0.2/jsr305-3.0.2.jar:/Users/anthonynguyen/.m2/repository/ca/uhn/hapi/fhir/hapi-fhir-spring-boot-starter/6.8.0/hapi-fhir-spring-boot-starter-6.8.0.jar:/Users/anthonynguyen/.m2/repository/ca/uhn/hapi/fhir/hapi-fhir-spring-boot-autoconfigure/6.8.0/hapi-fhir-spring-boot-autoconfigure-6.8.0.jar:/Users/anthonynguyen/.m2/repository/ca/uhn/hapi/fhir/hapi-fhir-structures-dstu2/6.8.0/hapi-fhir-structures-dstu2-6.8.0.jar:/Users/anthonynguyen/.m2/repository/com/amazonaws/serverless/aws-serverless-java-container-springboot3/2.0.1/aws-serverless-java-container-springboot3-2.0.1.jar:/Users/anthonynguyen/.m2/repository/org/springframework/cloud/spring-cloud-function-serverless-web/4.1.1/spring-cloud-function-serverless-web-4.1.1.jar:/Users/anthonynguyen/.m2/repository/com/amazonaws/serverless/aws-serverless-java-container-core/2.0.1/aws-serverless-java-container-core-2.0.1.jar:/Users/anthonynguyen/.m2/repository/com/amazonaws/aws-lambda-java-core/1.2.3/aws-lambda-java-core-1.2.3.jar:/Users/anthonynguyen/.m2/repository/jakarta/servlet/jakarta.servlet-api/6.0.0/jakarta.servlet-api-6.0.0.jar:/Users/anthonynguyen/.m2/repository/jakarta/ws/rs/jakarta.ws.rs-api/3.1.0/jakarta.ws.rs-api-3.1.0.jar:/Users/anthonynguyen/.m2/repository/com/fasterxml/jackson/module/jackson-module-afterburner/2.18.2/jackson-module-afterburner-2.18.2.jar:/Users/anthonynguyen/.m2/repository/org/apache/commons/commons-fileupload2-jakarta-servlet6/2.0.0-M2/commons-fileupload2-jakarta-servlet6-2.0.0-M2.jar:/Users/anthonynguyen/.m2/repository/org/apache/commons/commons-fileupload2-core/2.0.0-M2/commons-fileupload2-core-2.0.0-M2.jar:/Users/anthonynguyen/.m2/repository/org/slf4j/slf4j-api/2.0.16/slf4j-api-2.0.16.jar:"/>
    <property name="sun.cpu.endian" value="little"/>
    <property name="user.home" value="/Users/anthonynguyen"/>
    <property name="user.language" value="en"/>
    <property name="java.specification.vendor" value="Oracle Corporation"/>
    <property name="java.version.date" value="2024-07-16"/>
    <property name="java.home" value="/Library/Java/JavaVirtualMachines/zulu-17.jdk/Contents/Home"/>
    <property name="file.separator" value="/"/>
    <property name="basedir" value="/Users/anthonynguyen/Documents/GitHub/patientjournal-rest-api"/>
    <property name="java.vm.compressedOopsMode" value="Zero based"/>
    <property name="line.separator" value="&#10;"/>
    <property name="java.vm.specification.vendor" value="Oracle Corporation"/>
    <property name="java.specification.name" value="Java Platform API Specification"/>
    <property name="FILE_LOG_CHARSET" value="UTF-8"/>
    <property name="java.awt.headless" value="true"/>
    <property name="surefire.real.class.path" value="/Users/anthonynguyen/Documents/GitHub/patientjournal-rest-api/target/surefire/surefirebooter-20250408070850807_3.jar"/>
    <property name="sun.management.compiler" value="HotSpot 64-Bit Tiered Compilers"/>
    <property name="ftp.nonProxyHosts" value="local|*.local|169.254/16|*.169.254/16"/>
    <property name="java.runtime.version" value="17.0.12+7-LTS"/>
    <property name="user.name" value="anthonynguyen"/>
    <property name="path.separator" value=":"/>
    <property name="os.version" value="15.3.2"/>
    <property name="java.runtime.name" value="OpenJDK Runtime Environment"/>
    <property name="file.encoding" value="UTF-8"/>
    <property name="java.vm.name" value="OpenJDK 64-Bit Server VM"/>
    <property name="java.vendor.version" value="Zulu17.52+17-CA"/>
    <property name="localRepository" value="/Users/anthonynguyen/.m2/repository"/>
    <property name="java.vendor.url.bug" value="http://www.azul.com/support/"/>
    <property name="java.io.tmpdir" value="/var/folders/bt/tyml2wwx3q36c1s05wpffmwm0000gn/T/"/>
    <property name="com.zaxxer.hikari.pool_number" value="1"/>
    <property name="java.version" value="17.0.12"/>
    <property name="user.dir" value="/Users/anthonynguyen/Documents/GitHub/patientjournal-rest-api"/>
    <property name="os.arch" value="aarch64"/>
    <property name="java.vm.specification.name" value="Java Virtual Machine Specification"/>
    <property name="PID" value="5135"/>
    <property name="CONSOLE_LOG_CHARSET" value="UTF-8"/>
    <property name="native.encoding" value="UTF-8"/>
    <property name="java.library.path" value="/Users/anthonynguyen/Library/Java/Extensions:/Library/Java/Extensions:/Network/Library/Java/Extensions:/System/Library/Java/Extensions:/usr/lib/java:."/>
    <property name="java.vm.info" value="mixed mode, sharing"/>
    <property name="java.vendor" value="Azul Systems, Inc."/>
    <property name="java.vm.version" value="17.0.12+7-LTS"/>
    <property name="sun.io.unicode.encoding" value="UnicodeBig"/>
    <property name="socksNonProxyHosts" value="local|*.local|169.254/16|*.169.254/16"/>
    <property name="java.class.version" value="61.0"/>
    <property name="LOGGED_APPLICATION_NAME" value="[patient-journal-rest-api] "/>
  </properties>
  <testcase name="contextLoads" classname="com.patient_journal_rest_api.PatientJournalRestApiApplicationTests" time="0.261">
    <system-out><![CDATA[07:08:51.151 [main] INFO org.springframework.test.context.support.AnnotationConfigContextLoaderUtils -- Could not detect default configuration classes for test class [com.patient_journal_rest_api.PatientJournalRestApiApplicationTests]: PatientJournalRestApiApplicationTests does not declare any static, non-private, non-final, nested classes annotated with @Configuration.
07:08:51.197 [main] INFO org.springframework.boot.test.context.SpringBootTestContextBootstrapper -- Found @SpringBootConfiguration com.patient_journal_rest_api.PatientJournalRestApiApplication for test class com.patient_journal_rest_api.PatientJournalRestApiApplicationTests

  .   ____          _            __ _ _
 /\\ / ___'_ __ _ _(_)_ __  __ _ \ \ \ \
( ( )\___ | '_ | '_| | '_ \/ _` | \ \ \ \
 \\/  ___)| |_)| | | | | || (_| |  ) ) ) )
  '  |____| .__|_| |_|_| |_\__, | / / / /
 =========|_|==============|___/=/_/_/_/

 :: Spring Boot ::                (v3.4.3)

2025-04-08T07:08:51.364-07:00  INFO 5135 --- [patient-journal-rest-api] [           main] c.a.s.p.s.AwsSpringWebRuntimeInitializer : AWS Environment: {PATH=/Users/anthonynguyen/.gem/ruby/3.3.5/bin:/Users/anthonynguyen/.rubies/ruby-3.3.5/lib/ruby/gems/3.3.0/bin:/Users/anthonynguyen/.rubies/ruby-3.3.5/bin:/Users/anthonynguyen/google-cloud-sdk/bin:/opt/anaconda3/bin:/opt/anaconda3/condabin:/Library/Frameworks/Python.framework/Versions/3.12/bin:/opt/homebrew/bin:/opt/homebrew/sbin:/usr/local/bin:/System/Cryptexes/App/usr/bin:/usr/bin:/bin:/usr/sbin:/sbin:/var/run/com.apple.security.cryptexd/codex.system/bootstrap/usr/local/bin:/var/run/com.apple.security.cryptexd/codex.system/bootstrap/usr/bin:/var/run/com.apple.security.cryptexd/codex.system/bootstrap/usr/appleinternal/bin:/Library/Apple/usr/bin:/usr/local/go/bin:/Users/anthonynguyen/Applications/iTerm.app/Contents/Resources/utilities:/Users/anthonynguyen/Library/Android/sdk/platform-tools/:/Users/anthonynguyen/Library/Android/sdk/cmdline-tools/latest/bin/:/Users/anthonynguyen/Library/Android/sdk/build-tools:/Users/anthonynguyen/Library/Android/sdk/emulator/, LC_TERMINAL=iTerm2, DB_PORT=5432, CONDA_DEFAULT_ENV=base, DB_NAME=marcomeet, CONDA_PYTHON_EXE=/opt/anaconda3/bin/python, ANDROID_HOME=/Users/anthonynguyen/Library/Android/sdk, CONDA_PREFIX=/opt/anaconda3, DB_USERNAME=postgres, COLORTERM=truecolor, P9K_TTY=old, JAVA_MAIN_CLASS_5106=org.codehaus.plexus.classworlds.launcher.Launcher, LOGNAME=anthonynguyen, PWD=/Users/anthonynguyen/Documents/GitHub/patientjournal-rest-api, TERM_PROGRAM_VERSION=3.5.11, INFOPATH=/opt/homebrew/share/info:, SHELL=/bin/zsh, PAGER=less, OLDPWD=/Users/anthonynguyen/documents/github/patientjournal-rest-api, SECURITYSESSIONID=186a3, HOMEBREW_CELLAR=/opt/homebrew/Cellar, GEM_HOME=/Users/anthonynguyen/.gem/ruby/3.3.5, ZSH=/Users/anthonynguyen/.oh-my-zsh, ITERM_PROFILE=Dracula, P9K_SSH=0, TMPDIR=/var/folders/bt/tyml2wwx3q36c1s05wpffmwm0000gn/T/, RUBY_VERSION=3.3.5, XPC_FLAGS=0x0, TERM_SESSION_ID=w0t0p0:ABC5A4ED-53AA-4B8A-B11E-E56653EAF9CA, GEM_ROOT=/Users/anthonynguyen/.rubies/ruby-3.3.5/lib/ruby/gems/3.3.0, DB_ENDPOINT=marcomeet-db-1.cpiokwkoc705.us-west-1.rds.amazonaws.com, __CF_USER_TEXT_ENCODING=0x1F5:0x0:0x0, CONDA_PROMPT_MODIFIER=(base) , LESS=-R, COLORFGBG=15;0, LS_COLORS=di=1;36:ln=35:so=32:pi=33:ex=31:bd=34;46:cd=34;43:su=30;41:sg=30;46:tw=30;42:ow=30;43, SHLVL=2, TERM_FEATURES=T3LrMSc7UUw9Ts3BFGsSyHNoSxF, GSETTINGS_SCHEMA_DIR_CONDA_BACKUP=, _P9K_SSH_TTY=/dev/ttys000, CONDA_EXE=/opt/anaconda3/bin/conda, JAVA_HOME=/Library/Java/JavaVirtualMachines/zulu-17.jdk/Contents/Home, TERM=xterm-256color, HOMEBREW_PREFIX=/opt/homebrew, LANG=en_US.UTF-8, _P9K_TTY=/dev/ttys000, COMMAND_MODE=unix2003, ITERM_SESSION_ID=w0t0p0:ABC5A4ED-53AA-4B8A-B11E-E56653EAF9CA, _CE_M=, HOMEBREW_REPOSITORY=/opt/homebrew, XPC_SERVICE_NAME=0, MAVEN_CMD_LINE_ARGS= clean install, CONDA_SHLVL=1, _=/Library/Java/JavaVirtualMachines/zulu-17.jdk/Contents/Home/bin/java, __CFBundleIdentifier=com.googlecode.iterm2, LC_TERMINAL_VERSION=3.5.11, JAVA_MAIN_CLASS_5135=org.apache.maven.surefire.booter.ForkedBooter, TERM_PROGRAM=iTerm.app, LSCOLORS=Gxfxcxdxbxegedabagacad, MAVEN_PROJECTBASEDIR=/Users/anthonynguyen/documents/github/patientjournal-rest-api, RUBY_ROOT=/Users/anthonynguyen/.rubies/ruby-3.3.5, RUBY_ENGINE=ruby, USER=anthonynguyen, RUBYOPT=, LaunchInstanceID=B4AC47D8-C5F1-419B-8772-223731ED5E0A, SSH_AUTH_SOCK=/private/tmp/com.apple.launchd.9fSCmzWCvx/Listeners, _CE_CONDA=, GEM_PATH=/Users/anthonynguyen/.gem/ruby/3.3.5:/Users/anthonynguyen/.rubies/ruby-3.3.5/lib/ruby/gems/3.3.0, GSETTINGS_SCHEMA_DIR=/opt/anaconda3/share/glib-2.0/schemas, HOME=/Users/anthonynguyen, TERMINFO_DIRS=/Users/anthonynguyen/Applications/iTerm.app/Contents/Resources/terminfo:/usr/share/terminfo, DB_PASSWORD=%+Lyv95Hz6+>k.s:j.TcFJ:5#|qV}
2025-04-08T07:08:51.367-07:00  INFO 5135 --- [patient-journal-rest-api] [           main] .p.PatientJournalRestApiApplicationTests : Starting PatientJournalRestApiApplicationTests using Java 17.0.12 with PID 5135 (started by anthonynguyen in /Users/anthonynguyen/Documents/GitHub/patientjournal-rest-api)
2025-04-08T07:08:51.367-07:00  INFO 5135 --- [patient-journal-rest-api] [           main] .p.PatientJournalRestApiApplicationTests : No active profile set, falling back to 1 default profile: "default"
2025-04-08T07:08:51.633-07:00  INFO 5135 --- [patient-journal-rest-api] [           main] .s.d.r.c.RepositoryConfigurationDelegate : Bootstrapping Spring Data JPA repositories in DEFAULT mode.
2025-04-08T07:08:51.659-07:00  INFO 5135 --- [patient-journal-rest-api] [           main] .s.d.r.c.RepositoryConfigurationDelegate : Finished Spring Data repository scanning in 21 ms. Found 5 JPA repository interfaces.
2025-04-08T07:08:51.836-07:00  INFO 5135 --- [patient-journal-rest-api] [           main] o.hibernate.jpa.internal.util.LogHelper  : HHH000204: Processing PersistenceUnitInfo [name: default]
2025-04-08T07:08:51.863-07:00  INFO 5135 --- [patient-journal-rest-api] [           main] org.hibernate.Version                    : HHH000412: Hibernate ORM core version 6.6.8.Final
2025-04-08T07:08:51.876-07:00  INFO 5135 --- [patient-journal-rest-api] [           main] o.h.c.internal.RegionFactoryInitiator    : HHH000026: Second-level cache disabled
2025-04-08T07:08:51.926-07:00  INFO 5135 --- [patient-journal-rest-api] [           main] com.zaxxer.hikari.HikariDataSource       : HikariPool-1 - Starting...
2025-04-08T07:08:52.465-07:00  INFO 5135 --- [patient-journal-rest-api] [           main] com.zaxxer.hikari.pool.HikariPool        : HikariPool-1 - Added connection org.postgresql.jdbc.PgConnection@55222ee9
2025-04-08T07:08:52.466-07:00  INFO 5135 --- [patient-journal-rest-api] [           main] com.zaxxer.hikari.HikariDataSource       : HikariPool-1 - Start completed.
2025-04-08T07:08:52.526-07:00  WARN 5135 --- [patient-journal-rest-api] [           main] org.hibernate.orm.deprecation            : HHH90000025: PostgreSQLDialect does not need to be specified explicitly using 'hibernate.dialect' (remove the property setting and it will be selected by default)
2025-04-08T07:08:52.595-07:00  INFO 5135 --- [patient-journal-rest-api] [           main] org.hibernate.orm.connections.pooling    : HHH10001005: Database info:
	Database JDBC URL [Connecting through datasource 'HikariDataSource (HikariPool-1)']
	Database driver: undefined/unknown
	Database version: 17.2
	Autocommit mode: undefined/unknown
	Isolation level: undefined/unknown
	Minimum pool size: undefined/unknown
	Maximum pool size: undefined/unknown
2025-04-08T07:08:52.690-07:00  INFO 5135 --- [patient-journal-rest-api] [           main] o.s.o.j.p.SpringPersistenceUnitInfo      : No LoadTimeWeaver setup: ignoring JPA class transformer
2025-04-08T07:08:53.118-07:00  INFO 5135 --- [patient-journal-rest-api] [           main] o.h.e.t.j.p.i.JtaPlatformInitiator       : HHH000489: No JTA platform available (set 'hibernate.transaction.jta.platform' to enable JTA platform integration)
2025-04-08T07:08:53.994-07:00  INFO 5135 --- [patient-journal-rest-api] [           main] j.LocalContainerEntityManagerFactoryBean : Initialized JPA EntityManagerFactory for persistence unit 'default'
2025-04-08T07:08:54.110-07:00  INFO 5135 --- [patient-journal-rest-api] [           main] ca.uhn.fhir.util.VersionUtil             : HAPI FHIR version 6.8.0 - Rev f33627087f
2025-04-08T07:08:54.112-07:00  INFO 5135 --- [patient-journal-rest-api] [           main] ca.uhn.fhir.context.FhirContext          : Creating new FHIR context for FHIR version [R4]
2025-04-08T07:08:54.118-07:00  INFO 5135 --- [patient-journal-rest-api] [           main] ca.uhn.fhir.context.FhirContext          : Creating new FHIR context for FHIR version [R4]
2025-04-08T07:08:54.183-07:00  WARN 5135 --- [patient-journal-rest-api] [           main] JpaBaseConfiguration$JpaWebConfiguration : spring.jpa.open-in-view is enabled by default. Therefore, database queries may be performed during view rendering. Explicitly configure spring.jpa.open-in-view to disable this warning
2025-04-08T07:08:54.342-07:00  INFO 5135 --- [patient-journal-rest-api] [           main] .p.PatientJournalRestApiApplicationTests : Started PatientJournalRestApiApplicationTests in 3.088 seconds (process running for 3.483)
]]></system-out>
  </testcase>
</testsuite>